<?xml version="1.0" encoding="UTF-8"?>
<testng-results skipped="0" failed="0" ignored="0" total="1" passed="1">
  <reporter-output>
  </reporter-output>
  <suite name="Buildit Regression" duration-ms="10364" started-at="2020-06-27T17:11:46Z" finished-at="2020-06-27T17:11:57Z">
    <groups>
      <group name="cucumber">
        <method signature="AbstractTestNGCucumberTests.runScenario(io.cucumber.testng.PickleWrapper, io.cucumber.testng.FeatureWrapper)[pri:0, instance:com.buildit.Base.Runner@3327bd23]" name="runScenario" class="io.cucumber.testng.AbstractTestNGCucumberTests"/>
      </group> <!-- cucumber -->
    </groups>
    <test name="Regressions" duration-ms="10364" started-at="2020-06-27T17:11:46Z" finished-at="2020-06-27T17:11:57Z">
      <class name="com.buildit.Base.BaseClass">
        <test-method status="PASS" signature="createDriverInstance()[pri:0, instance:com.buildit.Base.BaseClass@a67c67e]" name="createDriverInstance" is-config="true" duration-ms="4101" started-at="2020-06-27T17:11:46Z" finished-at="2020-06-27T17:11:50Z">
          <reporter-output>
          </reporter-output>
        </test-method> <!-- createDriverInstance -->
        <test-method status="PASS" signature="quitBrowser()[pri:0, instance:com.buildit.Base.BaseClass@a67c67e]" name="quitBrowser" is-config="true" duration-ms="766" started-at="2020-06-27T17:11:56Z" finished-at="2020-06-27T17:11:57Z">
          <reporter-output>
          </reporter-output>
        </test-method> <!-- quitBrowser -->
      </class> <!-- com.buildit.Base.BaseClass -->
      <class name="com.buildit.Base.Runner">
        <test-method status="PASS" signature="setUpClass()[pri:0, instance:com.buildit.Base.Runner@3327bd23]" name="setUpClass" is-config="true" duration-ms="656" started-at="2020-06-27T17:11:50Z" finished-at="2020-06-27T17:11:51Z">
          <reporter-output>
          </reporter-output>
        </test-method> <!-- setUpClass -->
        <test-method status="PASS" signature="runScenario(io.cucumber.testng.PickleWrapper, io.cucumber.testng.FeatureWrapper)[pri:0, instance:com.buildit.Base.Runner@3327bd23]" name="runScenario" duration-ms="4805" started-at="2020-06-27T17:11:51Z" description="Runs Cucumber Scenarios" data-provider="scenarios" finished-at="2020-06-27T17:11:56Z">
          <params>
            <param index="0">
              <value>
                <![CDATA["Verify change city"]]>
              </value>
            </param>
            <param index="1">
              <value>
                <![CDATA["Optional[This file contain sample test cases]"]]>
              </value>
            </param>
          </params>
          <reporter-output>
          </reporter-output>
        </test-method> <!-- runScenario -->
        <test-method status="PASS" signature="tearDownClass()[pri:0, instance:com.buildit.Base.Runner@3327bd23]" name="tearDownClass" is-config="true" duration-ms="0" started-at="2020-06-27T17:11:56Z" finished-at="2020-06-27T17:11:56Z">
          <reporter-output>
          </reporter-output>
        </test-method> <!-- tearDownClass -->
      </class> <!-- com.buildit.Base.Runner -->
    </test> <!-- Regressions -->
  </suite> <!-- Buildit Regression -->
</testng-results>
